# JRE version: Java(TM) SE Runtime Environment (8.0_201-b09) (build 1.8.0_201-b09)
# Java VM: Java HotSpot(TM) 64-Bit Server VM (25.201-b09 mixed mode windows-amd64 compressed oops)
Heap:
 PSYoungGen      total 32768K, used 32041K [0x00000000daf00000, 0x00000000dd880000, 0x0000000100000000)
  eden space 28160K, 97% used [0x00000000daf00000,0x00000000dc9ce688,0x00000000dca80000)
  from space 4608K, 99% used [0x00000000dcb00000,0x00000000dcf7c030,0x00000000dcf80000)
  to   space 7168K, 0% used [0x00000000dd180000,0x00000000dd180000,0x00000000dd880000)
 ParOldGen       total 76800K, used 5888K [0x0000000090c00000, 0x0000000095700000, 0x00000000daf00000)
  object space 76800K, 7% used [0x0000000090c00000,0x00000000911c0320,0x0000000095700000)
 Metaspace       used 16291K, capacity 16688K, committed 17024K, reserved 1064960K
  class space    used 1945K, capacity 2093K, committed 2176K, reserved 1048576K
GC Heap History (10 events):
Event: 0.544 GC heap before
{Heap before GC invocations=1 (full 0):
 PSYoungGen      total 33280K, used 28672K [0x00000000daf00000, 0x00000000dd400000, 0x0000000100000000)
  eden space 28672K, 100% used [0x00000000daf00000,0x00000000dcb00000,0x00000000dcb00000)
  from space 4608K, 0% used [0x00000000dcf80000,0x00000000dcf80000,0x00000000dd400000)
  to   space 4608K, 0% used [0x00000000dcb00000,0x00000000dcb00000,0x00000000dcf80000)
 ParOldGen       total 76800K, used 0K [0x0000000090c00000, 0x0000000095700000, 0x00000000daf00000)
  object space 76800K, 0% used [0x0000000090c00000,0x0000000090c00000,0x0000000095700000)
 Metaspace       used 7429K, capacity 7554K, committed 7680K, reserved 1056768K
  class space    used 929K, capacity 985K, committed 1024K, reserved 1048576K
Event: 0.548 GC heap after
Heap after GC invocations=1 (full 0):
 PSYoungGen      total 33280K, used 4313K [0x00000000daf00000, 0x00000000dd400000, 0x0000000100000000)
  eden space 28672K, 0% used [0x00000000daf00000,0x00000000daf00000,0x00000000dcb00000)
  from space 4608K, 93% used [0x00000000dcb00000,0x00000000dcf367c8,0x00000000dcf80000)
  to   space 4608K, 0% used [0x00000000dcf80000,0x00000000dcf80000,0x00000000dd400000)
 ParOldGen       total 76800K, used 8K [0x0000000090c00000, 0x0000000095700000, 0x00000000daf00000)
  object space 76800K, 0% used [0x0000000090c00000,0x0000000090c02000,0x0000000095700000)
 Metaspace       used 7429K, capacity 7554K, committed 7680K, reserved 1056768K
  class space    used 929K, capacity 985K, committed 1024K, reserved 1048576K
}
Event: 1.045 GC heap before
{Heap before GC invocations=2 (full 0):
 PSYoungGen      total 33280K, used 32985K [0x00000000daf00000, 0x00000000dd400000, 0x0000000100000000)
  eden space 28672K, 100% used [0x00000000daf00000,0x00000000dcb00000,0x00000000dcb00000)
  from space 4608K, 93% used [0x00000000dcb00000,0x00000000dcf367c8,0x00000000dcf80000)
  to   space 4608K, 0% used [0x00000000dcf80000,0x00000000dcf80000,0x00000000dd400000)
 ParOldGen       total 76800K, used 8K [0x0000000090c00000, 0x0000000095700000, 0x00000000daf00000)
  object space 76800K, 0% used [0x0000000090c00000,0x0000000090c02000,0x0000000095700000)
 Metaspace       used 11484K, capacity 11720K, committed 12032K, reserved 1060864K
  class space    used 1424K, capacity 1473K, committed 1536K, reserved 1048576K
Event: 1.054 GC heap after
Heap after GC invocations=2 (full 0):
 PSYoungGen      total 33280K, used 4603K [0x00000000daf00000, 0x00000000dd400000, 0x0000000100000000)
  eden space 28672K, 0% used [0x00000000daf00000,0x00000000daf00000,0x00000000dcb00000)
  from space 4608K, 99% used [0x00000000dcf80000,0x00000000dd3fef00,0x00000000dd400000)
  to   space 4608K, 0% used [0x00000000dcb00000,0x00000000dcb00000,0x00000000dcf80000)
 ParOldGen       total 76800K, used 1725K [0x0000000090c00000, 0x0000000095700000, 0x00000000daf00000)
  object space 76800K, 2% used [0x0000000090c00000,0x0000000090daf658,0x0000000095700000)
 Metaspace       used 11484K, capacity 11720K, committed 12032K, reserved 1060864K
  class space    used 1424K, capacity 1473K, committed 1536K, reserved 1048576K
}
Event: 1.759 GC heap before
{Heap before GC invocations=3 (full 0):
 PSYoungGen      total 33280K, used 33275K [0x00000000daf00000, 0x00000000dd400000, 0x0000000100000000)
  eden space 28672K, 100% used [0x00000000daf00000,0x00000000dcb00000,0x00000000dcb00000)
  from space 4608K, 99% used [0x00000000dcf80000,0x00000000dd3fef00,0x00000000dd400000)
  to   space 4608K, 0% used [0x00000000dcb00000,0x00000000dcb00000,0x00000000dcf80000)
 ParOldGen       total 76800K, used 1725K [0x0000000090c00000, 0x0000000095700000, 0x00000000daf00000)
  object space 76800K, 2% used [0x0000000090c00000,0x0000000090daf658,0x0000000095700000)
 Metaspace       used 12542K, capacity 12786K, committed 12928K, reserved 1060864K
  class space    used 1525K, capacity 1613K, committed 1664K, reserved 1048576K
Event: 1.764 GC heap after
Heap after GC invocations=3 (full 0):
 PSYoungGen      total 33280K, used 4592K [0x00000000daf00000, 0x00000000dd400000, 0x0000000100000000)
  eden space 28672K, 0% used [0x00000000daf00000,0x00000000daf00000,0x00000000dcb00000)
  from space 4608K, 99% used [0x00000000dcb00000,0x00000000dcf7c010,0x00000000dcf80000)
  to   space 4608K, 0% used [0x00000000dcf80000,0x00000000dcf80000,0x00000000dd400000)
 ParOldGen       total 76800K, used 2671K [0x0000000090c00000, 0x0000000095700000, 0x00000000daf00000)
  object space 76800K, 3% used [0x0000000090c00000,0x0000000090e9bff8,0x0000000095700000)
 Metaspace       used 12542K, capacity 12786K, committed 12928K, reserved 1060864K
  class space    used 1525K, capacity 1613K, committed 1664K, reserved 1048576K
}
Event: 2.798 GC heap before
{Heap before GC invocations=4 (full 0):
 PSYoungGen      total 33280K, used 33264K [0x00000000daf00000, 0x00000000dd400000, 0x0000000100000000)
  eden space 28672K, 100% used [0x00000000daf00000,0x00000000dcb00000,0x00000000dcb00000)
  from space 4608K, 99% used [0x00000000dcb00000,0x00000000dcf7c010,0x00000000dcf80000)
  to   space 4608K, 0% used [0x00000000dcf80000,0x00000000dcf80000,0x00000000dd400000)
 ParOldGen       total 76800K, used 2671K [0x0000000090c00000, 0x0000000095700000, 0x00000000daf00000)
  object space 76800K, 3% used [0x0000000090c00000,0x0000000090e9bff8,0x0000000095700000)
 Metaspace       used 13359K, capacity 13666K, committed 13824K, reserved 1060864K
  class space    used 1616K, capacity 1689K, committed 1792K, reserved 1048576K
Event: 2.804 GC heap after
Heap after GC invocations=4 (full 0):
 PSYoungGen      total 33280K, used 4576K [0x00000000daf00000, 0x00000000dd400000, 0x0000000100000000)
  eden space 28672K, 0% used [0x00000000daf00000,0x00000000daf00000,0x00000000dcb00000)
  from space 4608K, 99% used [0x00000000dcf80000,0x00000000dd3f8020,0x00000000dd400000)
  to   space 4608K, 0% used [0x00000000dcb00000,0x00000000dcb00000,0x00000000dcf80000)
 ParOldGen       total 76800K, used 4428K [0x0000000090c00000, 0x0000000095700000, 0x00000000daf00000)
  object space 76800K, 5% used [0x0000000090c00000,0x0000000091053390,0x0000000095700000)
 Metaspace       used 13359K, capacity 13666K, committed 13824K, reserved 1060864K
  class space    used 1616K, capacity 1689K, committed 1792K, reserved 1048576K
}
Event: 4.065 GC heap before
{Heap before GC invocations=5 (full 0):
 PSYoungGen      total 33280K, used 33248K [0x00000000daf00000, 0x00000000dd400000, 0x0000000100000000)
  eden space 28672K, 100% used [0x00000000daf00000,0x00000000dcb00000,0x00000000dcb00000)
  from space 4608K, 99% used [0x00000000dcf80000,0x00000000dd3f8020,0x00000000dd400000)
  to   space 4608K, 0% used [0x00000000dcb00000,0x00000000dcb00000,0x00000000dcf80000)
 ParOldGen       total 76800K, used 4428K [0x0000000090c00000, 0x0000000095700000, 0x00000000daf00000)
  object space 76800K, 5% used [0x0000000090c00000,0x0000000091053390,0x0000000095700000)
 Metaspace       used 14090K, capacity 14482K, committed 14592K, reserved 1062912K
  class space    used 1674K, capacity 1764K, committed 1792K, reserved 1048576K
Event: 4.073 GC heap after
Heap after GC invocations=5 (full 0):
 PSYoungGen      total 32768K, used 4592K [0x00000000daf00000, 0x00000000dd880000, 0x0000000100000000)
  eden space 28160K, 0% used [0x00000000daf00000,0x00000000daf00000,0x00000000dca80000)
  from space 4608K, 99% used [0x00000000dcb00000,0x00000000dcf7c030,0x00000000dcf80000)
  to   space 7168K, 0% used [0x00000000dd180000,0x00000000dd180000,0x00000000dd880000)
 ParOldGen       total 76800K, used 5888K [0x0000000090c00000, 0x0000000095700000, 0x00000000daf00000)
  object space 76800K, 7% used [0x0000000090c00000,0x00000000911c0320,0x0000000095700000)
 Metaspace       used 14090K, capacity 14482K, committed 14592K, reserved 1062912K
  class space    used 1674K, capacity 1764K, committed 1792K, reserved 1048576K
}

