# JRE version: Java(TM) SE Runtime Environment (8.0_201-b09) (build 1.8.0_201-b09)
# Java VM: Java HotSpot(TM) 64-Bit Server VM (25.201-b09 mixed mode windows-amd64 compressed oops)
Heap:
 PSYoungGen      total 30208K, used 16117K [0x00000000daf00000, 0x00000000dd980000, 0x0000000100000000)
  eden space 25600K, 45% used [0x00000000daf00000,0x00000000dba41410,0x00000000dc800000)
  from space 4608K, 99% used [0x00000000dcf80000,0x00000000dd3fc010,0x00000000dd400000)
  to   space 7680K, 0% used [0x00000000dc800000,0x00000000dc800000,0x00000000dcf80000)
 ParOldGen       total 76800K, used 8005K [0x0000000090c00000, 0x0000000095700000, 0x00000000daf00000)
  object space 76800K, 10% used [0x0000000090c00000,0x00000000913d1550,0x0000000095700000)
 Metaspace       used 17616K, capacity 18142K, committed 18432K, reserved 1064960K
  class space    used 2096K, capacity 2234K, committed 2304K, reserved 1048576K
GC Heap History (10 events):
Event: 1.156 GC heap before
{Heap before GC invocations=2 (full 0):
 PSYoungGen      total 33280K, used 32894K [0x00000000daf00000, 0x00000000dd400000, 0x0000000100000000)
  eden space 28672K, 100% used [0x00000000daf00000,0x00000000dcb00000,0x00000000dcb00000)
  from space 4608K, 91% used [0x00000000dcb00000,0x00000000dcf1f880,0x00000000dcf80000)
  to   space 4608K, 0% used [0x00000000dcf80000,0x00000000dcf80000,0x00000000dd400000)
 ParOldGen       total 76800K, used 16K [0x0000000090c00000, 0x0000000095700000, 0x00000000daf00000)
  object space 76800K, 0% used [0x0000000090c00000,0x0000000090c04000,0x0000000095700000)
 Metaspace       used 11447K, capacity 11682K, committed 11776K, reserved 1058816K
  class space    used 1422K, capacity 1503K, committed 1536K, reserved 1048576K
Event: 1.164 GC heap after
Heap after GC invocations=2 (full 0):
 PSYoungGen      total 33280K, used 4602K [0x00000000daf00000, 0x00000000dd400000, 0x0000000100000000)
  eden space 28672K, 0% used [0x00000000daf00000,0x00000000daf00000,0x00000000dcb00000)
  from space 4608K, 99% used [0x00000000dcf80000,0x00000000dd3fe900,0x00000000dd400000)
  to   space 4608K, 0% used [0x00000000dcb00000,0x00000000dcb00000,0x00000000dcf80000)
 ParOldGen       total 76800K, used 1718K [0x0000000090c00000, 0x0000000095700000, 0x00000000daf00000)
  object space 76800K, 2% used [0x0000000090c00000,0x0000000090dadbd0,0x0000000095700000)
 Metaspace       used 11447K, capacity 11682K, committed 11776K, reserved 1058816K
  class space    used 1422K, capacity 1503K, committed 1536K, reserved 1048576K
}
Event: 1.946 GC heap before
{Heap before GC invocations=3 (full 0):
 PSYoungGen      total 33280K, used 33274K [0x00000000daf00000, 0x00000000dd400000, 0x0000000100000000)
  eden space 28672K, 100% used [0x00000000daf00000,0x00000000dcb00000,0x00000000dcb00000)
  from space 4608K, 99% used [0x00000000dcf80000,0x00000000dd3fe900,0x00000000dd400000)
  to   space 4608K, 0% used [0x00000000dcb00000,0x00000000dcb00000,0x00000000dcf80000)
 ParOldGen       total 76800K, used 1718K [0x0000000090c00000, 0x0000000095700000, 0x00000000daf00000)
  object space 76800K, 2% used [0x0000000090c00000,0x0000000090dadbd0,0x0000000095700000)
 Metaspace       used 12527K, capacity 12786K, committed 12928K, reserved 1060864K
  class space    used 1523K, capacity 1613K, committed 1664K, reserved 1048576K
Event: 1.951 GC heap after
Heap after GC invocations=3 (full 0):
 PSYoungGen      total 33280K, used 4592K [0x00000000daf00000, 0x00000000dd400000, 0x0000000100000000)
  eden space 28672K, 0% used [0x00000000daf00000,0x00000000daf00000,0x00000000dcb00000)
  from space 4608K, 99% used [0x00000000dcb00000,0x00000000dcf7c030,0x00000000dcf80000)
  to   space 4608K, 0% used [0x00000000dcf80000,0x00000000dcf80000,0x00000000dd400000)
 ParOldGen       total 76800K, used 2683K [0x0000000090c00000, 0x0000000095700000, 0x00000000daf00000)
  object space 76800K, 3% used [0x0000000090c00000,0x0000000090e9ecb8,0x0000000095700000)
 Metaspace       used 12527K, capacity 12786K, committed 12928K, reserved 1060864K
  class space    used 1523K, capacity 1613K, committed 1664K, reserved 1048576K
}
Event: 2.208 GC heap before
{Heap before GC invocations=4 (full 0):
 PSYoungGen      total 33280K, used 33264K [0x00000000daf00000, 0x00000000dd400000, 0x0000000100000000)
  eden space 28672K, 100% used [0x00000000daf00000,0x00000000dcb00000,0x00000000dcb00000)
  from space 4608K, 99% used [0x00000000dcb00000,0x00000000dcf7c030,0x00000000dcf80000)
  to   space 4608K, 0% used [0x00000000dcf80000,0x00000000dcf80000,0x00000000dd400000)
 ParOldGen       total 76800K, used 2683K [0x0000000090c00000, 0x0000000095700000, 0x00000000daf00000)
  object space 76800K, 3% used [0x0000000090c00000,0x0000000090e9ecb8,0x0000000095700000)
 Metaspace       used 12990K, capacity 13284K, committed 13440K, reserved 1060864K
  class space    used 1561K, capacity 1622K, committed 1664K, reserved 1048576K
Event: 2.215 GC heap after
Heap after GC invocations=4 (full 0):
 PSYoungGen      total 33280K, used 4592K [0x00000000daf00000, 0x00000000dd400000, 0x0000000100000000)
  eden space 28672K, 0% used [0x00000000daf00000,0x00000000daf00000,0x00000000dcb00000)
  from space 4608K, 99% used [0x00000000dcf80000,0x00000000dd3fc030,0x00000000dd400000)
  to   space 4608K, 0% used [0x00000000dcb00000,0x00000000dcb00000,0x00000000dcf80000)
 ParOldGen       total 76800K, used 4235K [0x0000000090c00000, 0x0000000095700000, 0x00000000daf00000)
  object space 76800K, 5% used [0x0000000090c00000,0x0000000091022ff0,0x0000000095700000)
 Metaspace       used 12990K, capacity 13284K, committed 13440K, reserved 1060864K
  class space    used 1561K, capacity 1622K, committed 1664K, reserved 1048576K
}
Event: 2.963 GC heap before
{Heap before GC invocations=5 (full 0):
 PSYoungGen      total 33280K, used 33264K [0x00000000daf00000, 0x00000000dd400000, 0x0000000100000000)
  eden space 28672K, 100% used [0x00000000daf00000,0x00000000dcb00000,0x00000000dcb00000)
  from space 4608K, 99% used [0x00000000dcf80000,0x00000000dd3fc030,0x00000000dd400000)
  to   space 4608K, 0% used [0x00000000dcb00000,0x00000000dcb00000,0x00000000dcf80000)
 ParOldGen       total 76800K, used 4235K [0x0000000090c00000, 0x0000000095700000, 0x00000000daf00000)
  object space 76800K, 5% used [0x0000000090c00000,0x0000000091022ff0,0x0000000095700000)
 Metaspace       used 14018K, capacity 14424K, committed 14592K, reserved 1062912K
  class space    used 1666K, capacity 1765K, committed 1792K, reserved 1048576K
Event: 2.970 GC heap after
Heap after GC invocations=5 (full 0):
 PSYoungGen      total 33280K, used 4592K [0x00000000daf00000, 0x00000000dd400000, 0x0000000100000000)
  eden space 28672K, 0% used [0x00000000daf00000,0x00000000daf00000,0x00000000dcb00000)
  from space 4608K, 99% used [0x00000000dcb00000,0x00000000dcf7c030,0x00000000dcf80000)
  to   space 4608K, 0% used [0x00000000dcf80000,0x00000000dcf80000,0x00000000dd400000)
 ParOldGen       total 76800K, used 6143K [0x0000000090c00000, 0x0000000095700000, 0x00000000daf00000)
  object space 76800K, 7% used [0x0000000090c00000,0x00000000911ffde0,0x0000000095700000)
 Metaspace       used 14018K, capacity 14424K, committed 14592K, reserved 1062912K
  class space    used 1666K, capacity 1765K, committed 1792K, reserved 1048576K
}
Event: 5.659 GC heap before
{Heap before GC invocations=6 (full 0):
 PSYoungGen      total 33280K, used 33264K [0x00000000daf00000, 0x00000000dd400000, 0x0000000100000000)
  eden space 28672K, 100% used [0x00000000daf00000,0x00000000dcb00000,0x00000000dcb00000)
  from space 4608K, 99% used [0x00000000dcb00000,0x00000000dcf7c030,0x00000000dcf80000)
  to   space 4608K, 0% used [0x00000000dcf80000,0x00000000dcf80000,0x00000000dd400000)
 ParOldGen       total 76800K, used 6143K [0x0000000090c00000, 0x0000000095700000, 0x00000000daf00000)
  object space 76800K, 7% used [0x0000000090c00000,0x00000000911ffde0,0x0000000095700000)
 Metaspace       used 15765K, capacity 16176K, committed 16384K, reserved 1062912K
  class space    used 1861K, capacity 1965K, committed 2048K, reserved 1048576K
Event: 5.664 GC heap after
Heap after GC invocations=6 (full 0):
 PSYoungGen      total 30208K, used 4592K [0x00000000daf00000, 0x00000000dd980000, 0x0000000100000000)
  eden space 25600K, 0% used [0x00000000daf00000,0x00000000daf00000,0x00000000dc800000)
  from space 4608K, 99% used [0x00000000dcf80000,0x00000000dd3fc010,0x00000000dd400000)
  to   space 7680K, 0% used [0x00000000dc800000,0x00000000dc800000,0x00000000dcf80000)
 ParOldGen       total 76800K, used 8005K [0x0000000090c00000, 0x0000000095700000, 0x00000000daf00000)
  object space 76800K, 10% used [0x0000000090c00000,0x00000000913d1550,0x0000000095700000)
 Metaspace       used 15765K, capacity 16176K, committed 16384K, reserved 1062912K
  class space    used 1861K, capacity 1965K, committed 2048K, reserved 1048576K
}

